[19:20:22] [main/INFO]: Environment: authHost='https://authserver.mojang.com', accountsHost='https://api.mojang.com', sessionHost='https://sessionserver.mojang.com', servicesHost='https://api.minecraftservices.com', name='PROD'
[19:20:23] [main/WARN]: Ambiguity between arguments [teleport, location] and [teleport, destination] with inputs: [0.1 -0.5 .9, 0 0 0]
[19:20:23] [main/WARN]: Ambiguity between arguments [teleport, location] and [teleport, targets] with inputs: [0.1 -0.5 .9, 0 0 0]
[19:20:23] [main/WARN]: Ambiguity between arguments [teleport, destination] and [teleport, targets] with inputs: [Player, 0123, @e, dd12be42-52a9-4a91-a8a1-11c01849e498]
[19:20:23] [main/WARN]: Ambiguity between arguments [teleport, targets] and [teleport, destination] with inputs: [Player, 0123, dd12be42-52a9-4a91-a8a1-11c01849e498]
[19:20:23] [main/WARN]: Ambiguity between arguments [teleport, targets, location] and [teleport, targets, destination] with inputs: [0.1 -0.5 .9, 0 0 0]
[19:20:23] [main/INFO]: Reloading ResourceManager: Default
[19:20:24] [Worker-Main-14/INFO]: Loaded 7 recipes
[19:20:25] [Worker-Main-14/INFO]: Loaded 1137 advancements
[19:20:27] [Server thread/INFO]: Starting minecraft server version 1.17
[19:20:27] [Server thread/INFO]: Loading properties
[19:20:27] [Server thread/INFO]: Default game type: SURVIVAL
[19:20:27] [Server thread/INFO]: Generating keypair
[19:20:28] [Server thread/INFO]: Starting Minecraft server on *:25565
[19:20:28] [Server thread/INFO]: Using default channel type
[19:20:28] [Server thread/INFO]: Preparing level "world"
[19:20:29] [Server thread/INFO]: Preparing start region for dimension minecraft:overworld
[19:20:29] [Worker-Main-10/INFO]: Preparing spawn area: 0%
[19:20:29] [Worker-Main-14/INFO]: Preparing spawn area: 0%
[19:20:33] [Worker-Main-8/INFO]: Preparing spawn area: 0%
[19:20:33] [Worker-Main-13/INFO]: Preparing spawn area: 0%
[19:20:33] [Worker-Main-11/INFO]: Preparing spawn area: 0%
[19:20:33] [Worker-Main-13/INFO]: Preparing spawn area: 0%
[19:20:33] [Worker-Main-11/INFO]: Preparing spawn area: 0%
[19:20:33] [Worker-Main-13/INFO]: Preparing spawn area: 0%
[19:20:33] [Worker-Main-11/INFO]: Preparing spawn area: 0%
[19:20:33] [Worker-Main-10/INFO]: Preparing spawn area: 0%
[19:20:34] [Worker-Main-10/INFO]: Preparing spawn area: 31%
[19:20:34] [Worker-Main-10/INFO]: Preparing spawn area: 60%
[19:20:35] [Worker-Main-12/INFO]: Preparing spawn area: 70%
[19:20:35] [Worker-Main-13/INFO]: Preparing spawn area: 70%
[19:20:36] [Worker-Main-13/INFO]: Preparing spawn area: 77%
[19:20:36] [Worker-Main-12/INFO]: Preparing spawn area: 83%
[19:20:37] [Worker-Main-11/INFO]: Preparing spawn area: 86%
[19:20:37] [Worker-Main-10/INFO]: Preparing spawn area: 91%
[19:20:38] [Worker-Main-8/INFO]: Preparing spawn area: 93%
[19:20:38] [Worker-Main-9/INFO]: Preparing spawn area: 99%
[19:20:39] [Server thread/INFO]: Time elapsed: 9966 ms
[19:20:39] [Server thread/INFO]: Done (10.113s)! For help, type "help"
